2022-08-01 13:36:45.000[1659350205000] | INFO  | main       | o.s.b.t.c.SpringBootTestContextBootstrapper - Neither @ContextConfiguration nor @ContextHierarchy found for test class [com.sander.BTCcurrencyAPI.BtcCurrencyApiApplicationTests], using SpringBootContextLoader
2022-08-01 13:36:45.056[1659350205056] | INFO  | main       | o.s.t.c.s.AbstractContextLoader      - Could not detect default resource locations for test class [com.sander.BTCcurrencyAPI.BtcCurrencyApiApplicationTests]: no resource found for suffixes {-context.xml, Context.groovy}.
2022-08-01 13:36:45.060[1659350205060] | INFO  | main       | o.s.t.c.s.AnnotationConfigContextLoaderUtils - Could not detect default configuration classes for test class [com.sander.BTCcurrencyAPI.BtcCurrencyApiApplicationTests]: BtcCurrencyApiApplicationTests does not declare any static, non-private, non-final, nested classes annotated with @Configuration.
2022-08-01 16:56:33.664[1659362193664] | INFO  | restartedMain | c.e.B.BtcCurrencyApiApplication      - Starting BtcCurrencyApiApplication using Java 11.0.12 on DESKTOP-ILBBJ3Q with PID 46524 (C:\Users\sande\Desktop\BTC-currency-API\BTC-currency-API\target\classes started by sande in C:\Users\sande\Desktop\BTC-currency-API\BTC-currency-API)
2022-08-01 16:56:33.668[1659362193668] | INFO  | restartedMain | c.e.B.BtcCurrencyApiApplication      - No active profile set, falling back to 1 default profile: "default"
2022-08-01 16:56:33.723[1659362193723] | INFO  | restartedMain | o.s.b.d.e.DevToolsPropertyDefaultsPostProcessor - Devtools property defaults active! Set 'spring.devtools.add-properties' to 'false' to disable
2022-08-01 16:56:33.724[1659362193724] | INFO  | restartedMain | o.s.b.d.e.DevToolsPropertyDefaultsPostProcessor - For additional web related logging consider setting the 'logging.level.web' property to 'DEBUG'
2022-08-01 16:56:34.812[1659362194812] | INFO  | restartedMain | o.s.b.w.e.tomcat.TomcatWebServer     - Tomcat initialized with port(s): 8080 (http)
2022-08-01 16:56:34.824[1659362194824] | INFO  | restartedMain | o.a.coyote.http11.Http11NioProtocol  - Initializing ProtocolHandler ["http-nio-8080"]
2022-08-01 16:56:34.824[1659362194824] | INFO  | restartedMain | o.a.catalina.core.StandardService    - Starting service [Tomcat]
2022-08-01 16:56:34.825[1659362194825] | INFO  | restartedMain | o.a.catalina.core.StandardEngine     - Starting Servlet engine: [Apache Tomcat/9.0.65]
2022-08-01 16:56:34.922[1659362194922] | INFO  | restartedMain | o.a.c.c.C.[Tomcat].[localhost].[/]   - Initializing Spring embedded WebApplicationContext
2022-08-01 16:56:34.922[1659362194922] | INFO  | restartedMain | o.s.b.w.s.c.ServletWebServerApplicationContext - Root WebApplicationContext: initialization completed in 1198 ms
2022-08-01 16:56:35.331[1659362195331] | INFO  | restartedMain | o.s.b.d.a.OptionalLiveReloadServer   - LiveReload server is running on port 35729
2022-08-01 16:56:35.425[1659362195425] | INFO  | restartedMain | o.a.coyote.http11.Http11NioProtocol  - Starting ProtocolHandler ["http-nio-8080"]
2022-08-01 16:56:35.441[1659362195441] | INFO  | restartedMain | o.s.b.w.e.tomcat.TomcatWebServer     - Tomcat started on port(s): 8080 (http) with context path ''
2022-08-01 16:56:35.578[1659362195578] | INFO  | restartedMain | c.e.B.BtcCurrencyApiApplication      - Started BtcCurrencyApiApplication in 2.368 seconds (JVM running for 3.789)
2022-08-01 17:11:30.651[1659363090651] | INFO  | restartedMain | c.e.B.BtcCurrencyApiApplication      - Starting BtcCurrencyApiApplication using Java 11.0.12 on DESKTOP-ILBBJ3Q with PID 50600 (C:\Users\sande\Desktop\BTC-currency-API\BTC-currency-API\target\classes started by sande in C:\Users\sande\Desktop\BTC-currency-API\BTC-currency-API)
2022-08-01 17:11:30.657[1659363090657] | INFO  | restartedMain | c.e.B.BtcCurrencyApiApplication      - No active profile set, falling back to 1 default profile: "default"
2022-08-01 17:11:30.704[1659363090704] | INFO  | restartedMain | o.s.b.d.e.DevToolsPropertyDefaultsPostProcessor - Devtools property defaults active! Set 'spring.devtools.add-properties' to 'false' to disable
2022-08-01 17:11:30.704[1659363090704] | INFO  | restartedMain | o.s.b.d.e.DevToolsPropertyDefaultsPostProcessor - For additional web related logging consider setting the 'logging.level.web' property to 'DEBUG'
2022-08-01 17:11:31.689[1659363091689] | INFO  | restartedMain | o.s.b.w.e.tomcat.TomcatWebServer     - Tomcat initialized with port(s): 8080 (http)
2022-08-01 17:11:31.699[1659363091699] | INFO  | restartedMain | o.a.coyote.http11.Http11NioProtocol  - Initializing ProtocolHandler ["http-nio-8080"]
2022-08-01 17:11:31.700[1659363091700] | INFO  | restartedMain | o.a.catalina.core.StandardService    - Starting service [Tomcat]
2022-08-01 17:11:31.700[1659363091700] | INFO  | restartedMain | o.a.catalina.core.StandardEngine     - Starting Servlet engine: [Apache Tomcat/9.0.65]
2022-08-01 17:11:31.789[1659363091789] | INFO  | restartedMain | o.a.c.c.C.[Tomcat].[localhost].[/]   - Initializing Spring embedded WebApplicationContext
2022-08-01 17:11:31.790[1659363091790] | INFO  | restartedMain | o.s.b.w.s.c.ServletWebServerApplicationContext - Root WebApplicationContext: initialization completed in 1084 ms
2022-08-01 17:11:31.834[1659363091834] | WARN  | restartedMain | o.s.b.w.s.c.AnnotationConfigServletWebServerApplicationContext - Exception encountered during context initialization - cancelling refresh attempt: org.springframework.beans.factory.UnsatisfiedDependencyException: Error creating bean with name 'subscriptionController': Unsatisfied dependency expressed through field 'subscriptionService'; nested exception is org.springframework.beans.factory.BeanCreationException: Error creating bean with name 'subscriptionService': Invocation of init method failed; nested exception is java.nio.file.InvalidPathException: Illegal char <:> at index 10: FILEPATH=C:\Users\sande\Desktop\BTC-currency-API\BTC-currency-API\src\main\resources\dataBase
2022-08-01 17:11:31.836[1659363091836] | INFO  | restartedMain | o.a.catalina.core.StandardService    - Stopping service [Tomcat]
2022-08-01 17:11:31.847[1659363091847] | INFO  | restartedMain | o.s.b.a.l.ConditionEvaluationReportLoggingListener - 

Error starting ApplicationContext. To display the conditions report re-run your application with 'debug' enabled.
2022-08-01 17:11:31.872[1659363091872] | ERROR | restartedMain | o.s.boot.SpringApplication           - Application run failed
org.springframework.beans.factory.UnsatisfiedDependencyException: Error creating bean with name 'subscriptionController': Unsatisfied dependency expressed through field 'subscriptionService'; nested exception is org.springframework.beans.factory.BeanCreationException: Error creating bean with name 'subscriptionService': Invocation of init method failed; nested exception is java.nio.file.InvalidPathException: Illegal char <:> at index 10: FILEPATH=C:\Users\sande\Desktop\BTC-currency-API\BTC-currency-API\src\main\resources\dataBase
	at org.springframework.beans.factory.annotation.AutowiredAnnotationBeanPostProcessor$AutowiredFieldElement.resolveFieldValue(AutowiredAnnotationBeanPostProcessor.java:659)
	at org.springframework.beans.factory.annotation.AutowiredAnnotationBeanPostProcessor$AutowiredFieldElement.inject(AutowiredAnnotationBeanPostProcessor.java:639)
	at org.springframework.beans.factory.annotation.InjectionMetadata.inject(InjectionMetadata.java:119)
	at org.springframework.beans.factory.annotation.AutowiredAnnotationBeanPostProcessor.postProcessProperties(AutowiredAnnotationBeanPostProcessor.java:399)
	at org.springframework.beans.factory.support.AbstractAutowireCapableBeanFactory.populateBean(AbstractAutowireCapableBeanFactory.java:1431)
	at org.springframework.beans.factory.support.AbstractAutowireCapableBeanFactory.doCreateBean(AbstractAutowireCapableBeanFactory.java:619)
	at org.springframework.beans.factory.support.AbstractAutowireCapableBeanFactory.createBean(AbstractAutowireCapableBeanFactory.java:542)
	at org.springframework.beans.factory.support.AbstractBeanFactory.lambda$doGetBean$0(AbstractBeanFactory.java:335)
	at org.springframework.beans.factory.support.DefaultSingletonBeanRegistry.getSingleton(DefaultSingletonBeanRegistry.java:234)
	at org.springframework.beans.factory.support.AbstractBeanFactory.doGetBean(AbstractBeanFactory.java:333)
	at org.springframework.beans.factory.support.AbstractBeanFactory.getBean(AbstractBeanFactory.java:208)
	at org.springframework.beans.factory.support.DefaultListableBeanFactory.preInstantiateSingletons(DefaultListableBeanFactory.java:955)
	at org.springframework.context.support.AbstractApplicationContext.finishBeanFactoryInitialization(AbstractApplicationContext.java:918)
	at org.springframework.context.support.AbstractApplicationContext.refresh(AbstractApplicationContext.java:583)
	at org.springframework.boot.web.servlet.context.ServletWebServerApplicationContext.refresh(ServletWebServerApplicationContext.java:147)
	at org.springframework.boot.SpringApplication.refresh(SpringApplication.java:734)
	at org.springframework.boot.SpringApplication.refreshContext(SpringApplication.java:408)
	at org.springframework.boot.SpringApplication.run(SpringApplication.java:308)
	at org.springframework.boot.SpringApplication.run(SpringApplication.java:1306)
	at org.springframework.boot.SpringApplication.run(SpringApplication.java:1295)
	at com.example.BTCcurrencyAPI.BtcCurrencyApiApplication.main(BtcCurrencyApiApplication.java:10)
	at java.base/jdk.internal.reflect.NativeMethodAccessorImpl.invoke0(Native Method)
	at java.base/jdk.internal.reflect.NativeMethodAccessorImpl.invoke(NativeMethodAccessorImpl.java:62)
	at java.base/jdk.internal.reflect.DelegatingMethodAccessorImpl.invoke(DelegatingMethodAccessorImpl.java:43)
	at java.base/java.lang.reflect.Method.invoke(Method.java:566)
	at org.springframework.boot.devtools.restart.RestartLauncher.run(RestartLauncher.java:49)
Caused by: org.springframework.beans.factory.BeanCreationException: Error creating bean with name 'subscriptionService': Invocation of init method failed; nested exception is java.nio.file.InvalidPathException: Illegal char <:> at index 10: FILEPATH=C:\Users\sande\Desktop\BTC-currency-API\BTC-currency-API\src\main\resources\dataBase
	at org.springframework.beans.factory.annotation.InitDestroyAnnotationBeanPostProcessor.postProcessBeforeInitialization(InitDestroyAnnotationBeanPostProcessor.java:160)
	at org.springframework.beans.factory.support.AbstractAutowireCapableBeanFactory.applyBeanPostProcessorsBeforeInitialization(AbstractAutowireCapableBeanFactory.java:440)
	at org.springframework.beans.factory.support.AbstractAutowireCapableBeanFactory.initializeBean(AbstractAutowireCapableBeanFactory.java:1796)
	at org.springframework.beans.factory.support.AbstractAutowireCapableBeanFactory.doCreateBean(AbstractAutowireCapableBeanFactory.java:620)
	at org.springframework.beans.factory.support.AbstractAutowireCapableBeanFactory.createBean(AbstractAutowireCapableBeanFactory.java:542)
	at org.springframework.beans.factory.support.AbstractBeanFactory.lambda$doGetBean$0(AbstractBeanFactory.java:335)
	at org.springframework.beans.factory.support.DefaultSingletonBeanRegistry.getSingleton(DefaultSingletonBeanRegistry.java:234)
	at org.springframework.beans.factory.support.AbstractBeanFactory.doGetBean(AbstractBeanFactory.java:333)
	at org.springframework.beans.factory.support.AbstractBeanFactory.getBean(AbstractBeanFactory.java:208)
	at org.springframework.beans.factory.config.DependencyDescriptor.resolveCandidate(DependencyDescriptor.java:276)
	at org.springframework.beans.factory.support.DefaultListableBeanFactory.doResolveDependency(DefaultListableBeanFactory.java:1391)
	at org.springframework.beans.factory.support.DefaultListableBeanFactory.resolveDependency(DefaultListableBeanFactory.java:1311)
	at org.springframework.beans.factory.annotation.AutowiredAnnotationBeanPostProcessor$AutowiredFieldElement.resolveFieldValue(AutowiredAnnotationBeanPostProcessor.java:656)
	... 25 common frames omitted
Caused by: java.nio.file.InvalidPathException: Illegal char <:> at index 10: FILEPATH=C:\Users\sande\Desktop\BTC-currency-API\BTC-currency-API\src\main\resources\dataBase
	at java.base/sun.nio.fs.WindowsPathParser.normalize(WindowsPathParser.java:182)
	at java.base/sun.nio.fs.WindowsPathParser.parse(WindowsPathParser.java:153)
	at java.base/sun.nio.fs.WindowsPathParser.parse(WindowsPathParser.java:77)
	at java.base/sun.nio.fs.WindowsPath.parse(WindowsPath.java:92)
	at java.base/sun.nio.fs.WindowsFileSystem.getPath(WindowsFileSystem.java:229)
	at java.base/java.nio.file.Path.of(Path.java:147)
	at com.example.BTCcurrencyAPI.service.SubscriptionService.init(SubscriptionService.java:28)
	at java.base/jdk.internal.reflect.NativeMethodAccessorImpl.invoke0(Native Method)
	at java.base/jdk.internal.reflect.NativeMethodAccessorImpl.invoke(NativeMethodAccessorImpl.java:62)
	at java.base/jdk.internal.reflect.DelegatingMethodAccessorImpl.invoke(DelegatingMethodAccessorImpl.java:43)
	at java.base/java.lang.reflect.Method.invoke(Method.java:566)
	at org.springframework.beans.factory.annotation.InitDestroyAnnotationBeanPostProcessor$LifecycleElement.invoke(InitDestroyAnnotationBeanPostProcessor.java:389)
	at org.springframework.beans.factory.annotation.InitDestroyAnnotationBeanPostProcessor$LifecycleMetadata.invokeInitMethods(InitDestroyAnnotationBeanPostProcessor.java:333)
	at org.springframework.beans.factory.annotation.InitDestroyAnnotationBeanPostProcessor.postProcessBeforeInitialization(InitDestroyAnnotationBeanPostProcessor.java:157)
	... 37 common frames omitted
2022-08-01 17:12:22.076[1659363142076] | INFO  | restartedMain | c.e.B.BtcCurrencyApiApplication      - Starting BtcCurrencyApiApplication using Java 11.0.12 on DESKTOP-ILBBJ3Q with PID 48944 (C:\Users\sande\Desktop\BTC-currency-API\BTC-currency-API\target\classes started by sande in C:\Users\sande\Desktop\BTC-currency-API\BTC-currency-API)
2022-08-01 17:12:22.080[1659363142080] | INFO  | restartedMain | c.e.B.BtcCurrencyApiApplication      - No active profile set, falling back to 1 default profile: "default"
2022-08-01 17:12:22.126[1659363142126] | INFO  | restartedMain | o.s.b.d.e.DevToolsPropertyDefaultsPostProcessor - Devtools property defaults active! Set 'spring.devtools.add-properties' to 'false' to disable
2022-08-01 17:12:22.126[1659363142126] | INFO  | restartedMain | o.s.b.d.e.DevToolsPropertyDefaultsPostProcessor - For additional web related logging consider setting the 'logging.level.web' property to 'DEBUG'
2022-08-01 17:12:23.120[1659363143120] | INFO  | restartedMain | o.s.b.w.e.tomcat.TomcatWebServer     - Tomcat initialized with port(s): 8080 (http)
2022-08-01 17:12:23.127[1659363143127] | INFO  | restartedMain | o.a.coyote.http11.Http11NioProtocol  - Initializing ProtocolHandler ["http-nio-8080"]
2022-08-01 17:12:23.128[1659363143128] | INFO  | restartedMain | o.a.catalina.core.StandardService    - Starting service [Tomcat]
2022-08-01 17:12:23.128[1659363143128] | INFO  | restartedMain | o.a.catalina.core.StandardEngine     - Starting Servlet engine: [Apache Tomcat/9.0.65]
2022-08-01 17:12:23.210[1659363143210] | INFO  | restartedMain | o.a.c.c.C.[Tomcat].[localhost].[/]   - Initializing Spring embedded WebApplicationContext
2022-08-01 17:12:23.210[1659363143210] | INFO  | restartedMain | o.s.b.w.s.c.ServletWebServerApplicationContext - Root WebApplicationContext: initialization completed in 1083 ms
2022-08-01 17:12:23.563[1659363143563] | INFO  | restartedMain | o.s.b.d.a.OptionalLiveReloadServer   - LiveReload server is running on port 35729
2022-08-01 17:12:23.650[1659363143650] | INFO  | restartedMain | o.a.coyote.http11.Http11NioProtocol  - Starting ProtocolHandler ["http-nio-8080"]
2022-08-01 17:12:23.664[1659363143664] | INFO  | restartedMain | o.s.b.w.e.tomcat.TomcatWebServer     - Tomcat started on port(s): 8080 (http) with context path ''
2022-08-01 17:12:23.794[1659363143794] | INFO  | restartedMain | c.e.B.BtcCurrencyApiApplication      - Started BtcCurrencyApiApplication in 2.099 seconds (JVM running for 3.187)
2022-08-01 17:14:17.336[1659363257336] | INFO  | main       | o.s.b.t.c.SpringBootTestContextBootstrapper - Neither @ContextConfiguration nor @ContextHierarchy found for test class [com.sander.BTCcurrencyAPI.BtcCurrencyApiApplicationTests], using SpringBootContextLoader
2022-08-01 17:14:17.342[1659363257342] | INFO  | main       | o.s.t.c.s.AbstractContextLoader      - Could not detect default resource locations for test class [com.sander.BTCcurrencyAPI.BtcCurrencyApiApplicationTests]: no resource found for suffixes {-context.xml, Context.groovy}.
2022-08-01 17:14:17.343[1659363257343] | INFO  | main       | o.s.t.c.s.AnnotationConfigContextLoaderUtils - Could not detect default configuration classes for test class [com.sander.BTCcurrencyAPI.BtcCurrencyApiApplicationTests]: BtcCurrencyApiApplicationTests does not declare any static, non-private, non-final, nested classes annotated with @Configuration.
2022-08-01 17:14:35.839[1659363275839] | INFO  | main       | o.s.b.t.c.SpringBootTestContextBootstrapper - Neither @ContextConfiguration nor @ContextHierarchy found for test class [com.sander.BTCcurrencyAPI.BtcCurrencyApiApplicationTests], using SpringBootContextLoader
2022-08-01 17:14:35.845[1659363275845] | INFO  | main       | o.s.t.c.s.AbstractContextLoader      - Could not detect default resource locations for test class [com.sander.BTCcurrencyAPI.BtcCurrencyApiApplicationTests]: no resource found for suffixes {-context.xml, Context.groovy}.
2022-08-01 17:14:35.846[1659363275846] | INFO  | main       | o.s.t.c.s.AnnotationConfigContextLoaderUtils - Could not detect default configuration classes for test class [com.sander.BTCcurrencyAPI.BtcCurrencyApiApplicationTests]: BtcCurrencyApiApplicationTests does not declare any static, non-private, non-final, nested classes annotated with @Configuration.
2022-08-01 17:25:11.664[1659363911664] | INFO  | main       | o.s.b.t.c.SpringBootTestContextBootstrapper - Neither @ContextConfiguration nor @ContextHierarchy found for test class [com.sander.BTCcurrencyAPI.BtcCurrencyApiApplicationTests], using SpringBootContextLoader
2022-08-01 17:25:11.670[1659363911670] | INFO  | main       | o.s.t.c.s.AbstractContextLoader      - Could not detect default resource locations for test class [com.sander.BTCcurrencyAPI.BtcCurrencyApiApplicationTests]: no resource found for suffixes {-context.xml, Context.groovy}.
2022-08-01 17:25:11.671[1659363911671] | INFO  | main       | o.s.t.c.s.AnnotationConfigContextLoaderUtils - Could not detect default configuration classes for test class [com.sander.BTCcurrencyAPI.BtcCurrencyApiApplicationTests]: BtcCurrencyApiApplicationTests does not declare any static, non-private, non-final, nested classes annotated with @Configuration.
2022-08-01 17:25:27.384[1659363927384] | INFO  | main       | o.s.b.t.c.SpringBootTestContextBootstrapper - Neither @ContextConfiguration nor @ContextHierarchy found for test class [com.sander.BTCcurrencyAPI.BtcCurrencyApiApplicationTests], using SpringBootContextLoader
2022-08-01 17:25:27.390[1659363927390] | INFO  | main       | o.s.t.c.s.AbstractContextLoader      - Could not detect default resource locations for test class [com.sander.BTCcurrencyAPI.BtcCurrencyApiApplicationTests]: no resource found for suffixes {-context.xml, Context.groovy}.
2022-08-01 17:25:27.391[1659363927391] | INFO  | main       | o.s.t.c.s.AnnotationConfigContextLoaderUtils - Could not detect default configuration classes for test class [com.sander.BTCcurrencyAPI.BtcCurrencyApiApplicationTests]: BtcCurrencyApiApplicationTests does not declare any static, non-private, non-final, nested classes annotated with @Configuration.
